proguard-project.txt
# To enable ProGuard in your project, edit project.properties
# to define the proguard.config property as described in that file.
#
# Add project specific ProGuard rules here.
# By default, the flags in this file are appended to flags specified
# in ${sdk.dir}/tools/proguard/proguard-android.txt
# You can edit the include path and order by changing the ProGuard
# include property in project.properties.
#
# For more details, see
#   http://developer.android.com/guide/developing/tools/proguard.html

# Add any project specific keep options here:

# If your project uses WebView with JS, uncomment the following
# and specify the fully qualified class name to the JavaScript interface
# class:
#-keepclassmembers class fqcn.of.javascript.interface.for.webview {
#   public *;
#}

-keep class * extends java.util.ListResourceBundle {
    protected Object[][] getContents();
}

-dontskipnonpubliclibraryclasses
-dontobfuscate
-forceprocessing
-optimizationpasses 5

-keep class * extends android.app.Activity
-assumenosideeffects class android.util.Log {
    public static *** d(...);
    public static *** v(...);
}


# For RoboSpice
#Results classes that only extend a generic should be preserved as they will be pruned by Proguard 
#as they are "empty", others are kept
-keep class com.p1.mobile.android.io.model.**

## Gson SERIALIZER SETTINGS
# See https://code.google.com/p/google-gson/source/browse/trunk/examples/android-proguard-example/proguard.cfg
# Gson uses generic type information stored in a class file when working with fields. Proguard
# removes such information by default, so configure it to keep all of it.
-keepattributes Signature
# Gson specific classes
#-keep class sun.misc.Unsafe { *; } 

#Warnings to be removed. Otherwise maven plugin stops, but not dangerous
-dontwarn android.support.**
-dontwarn com.sun.xml.internal.**
-dontwarn com.sun.istack.internal.**
-dontwarn org.codehaus.jackson.**
-dontwarn org.springframework.**
-dontwarn java.awt.**
-dontwarn javax.security.**
-dontwarn java.beans.**
-dontwarn javax.xml.**
-dontwarn java.util.**
-dontwarn org.w3c.dom.**
-dontwarn com.google.common.**
-dontwarn com.octo.android.robospice.persistence.**


# Flurry settings
-keep class com.flurry.** { *; }
-dontwarn com.flurry.**