proguard/seeds.txt
com.p1.mobile.p1android.ChangePasswordListener$FailureReason: com.p1.mobile.p1android.ChangePasswordListener$FailureReason[] values()
com.p1.mobile.p1android.ChangePasswordListener$FailureReason: com.p1.mobile.p1android.ChangePasswordListener$FailureReason valueOf(java.lang.String)
com.p1.mobile.p1android.P1Application
com.p1.mobile.p1android.P1Application: P1Application()
com.p1.mobile.p1android.R$anim: int drawer_close
com.p1.mobile.p1android.R$anim: int drawer_open
com.p1.mobile.p1android.R$anim: int fade_in
com.p1.mobile.p1android.R$anim: int fade_out
com.p1.mobile.p1android.R$anim: int slide_in_from_bottom
com.p1.mobile.p1android.R$anim: int slide_in_from_top
com.p1.mobile.p1android.R$anim: int slide_in_left
com.p1.mobile.p1android.R$anim: int slide_in_right
com.p1.mobile.p1android.R$anim: int slide_out_to_bottom
com.p1.mobile.p1android.R$anim: int slide_out_to_right
com.p1.mobile.p1android.R$anim: int slide_out_to_top
com.p1.mobile.p1android.R$array: int landing_slide_subtitles
com.p1.mobile.p1android.R$array: int landing_slide_titles
com.p1.mobile.p1android.R$attr: int behindOffset
com.p1.mobile.p1android.R$attr: int behindScrollScale
com.p1.mobile.p1android.R$attr: int behindWidth
com.p1.mobile.p1android.R$attr: int centered
com.p1.mobile.p1android.R$attr: int clipPadding
com.p1.mobile.p1android.R$attr: int disableDependentsState
com.p1.mobile.p1android.R$attr: int fadeDegree
com.p1.mobile.p1android.R$attr: int fadeDelay
com.p1.mobile.p1android.R$attr: int fadeEnabled
com.p1.mobile.p1android.R$attr: int fadeLength
com.p1.mobile.p1android.R$attr: int fades
com.p1.mobile.p1android.R$attr: int fillColor
com.p1.mobile.p1android.R$attr: int footerColor
com.p1.mobile.p1android.R$attr: int footerIndicatorHeight
com.p1.mobile.p1android.R$attr: int footerIndicatorStyle
com.p1.mobile.p1android.R$attr: int footerIndicatorUnderlinePadding
com.p1.mobile.p1android.R$attr: int footerLineHeight
com.p1.mobile.p1android.R$attr: int footerPadding
com.p1.mobile.p1android.R$attr: int gapWidth
com.p1.mobile.p1android.R$attr: int linePosition
com.p1.mobile.p1android.R$attr: int lineWidth
com.p1.mobile.p1android.R$attr: int maxHeight
com.p1.mobile.p1android.R$attr: int minHeight
com.p1.mobile.p1android.R$attr: int mode
com.p1.mobile.p1android.R$attr: int pageColor
com.p1.mobile.p1android.R$attr: int ptrAdapterViewBackground
com.p1.mobile.p1android.R$attr: int ptrAnimationStyle
com.p1.mobile.p1android.R$attr: int ptrDrawable
com.p1.mobile.p1android.R$attr: int ptrDrawableBottom
com.p1.mobile.p1android.R$attr: int ptrDrawableEnd
com.p1.mobile.p1android.R$bool: int default_circle_indicator_centered
com.p1.mobile.p1android.R$bool: int default_circle_indicator_snap
com.p1.mobile.p1android.R$bool: int default_line_indicator_centered
com.p1.mobile.p1android.R$bool: int default_title_indicator_selected_bold
com.p1.mobile.p1android.R$bool: int default_underline_indicator_fades
...
com.flurry.org.codehaus.jackson.map.deser.std.UntypedObjectDeserializer
com.flurry.org.codehaus.jackson.map.deser.std.UntypedObjectDeserializer: java.lang.Object[] NO_OBJECTS
com.flurry.org.codehaus.jackson.map.deser.std.UntypedObjectDeserializer: UntypedObjectDeserializer()
com.flurry.org.codehaus.jackson.map.deser.std.UntypedObjectDeserializer: java.lang.Object deserialize(com.flurry.org.codehaus.jackson.JsonParser,com.flurry.org.codehaus.jackson.map.DeserializationContext)
com.flurry.org.codehaus.jackson.map.deser.std.UntypedObjectDeserializer: java.lang.Object deserializeWithType(com.flurry.org.codehaus.jackson.JsonParser,com.flurry.org.codehaus.jackson.map.DeserializationContext,com.flurry.org.codehaus.jackson.map.TypeDeserializer)
com.flurry.org.codehaus.jackson.map.deser.std.UntypedObjectDeserializer: java.lang.Object mapArray(com.flurry.org.codehaus.jackson.JsonParser,com.flurry.org.codehaus.jackson.map.DeserializationContext)
com.flurry.org.codehaus.jackson.map.deser.std.UntypedObjectDeserializer: java.lang.Object mapObject(com.flurry.org.codehaus.jackson.JsonParser,com.flurry.org.codehaus.jackson.map.DeserializationContext)
com.flurry.org.codehaus.jackson.map.deser.std.UntypedObjectDeserializer: java.lang.Object[] mapArrayToArray(com.flurry.org.codehaus.jackson.JsonParser,com.flurry.org.codehaus.jackson.map.DeserializationContext)
com.flurry.org.codehaus.jackson.map.deser.std.UntypedObjectDeserializer: void <clinit>()
com.flurry.org.codehaus.jackson.map.deser.std.UntypedObjectDeserializer$1
com.flurry.org.codehaus.jackson.map.deser.std.UntypedObjectDeserializer$1: int[] $SwitchMap$org$codehaus$jackson$JsonToken
com.flurry.org.codehaus.jackson.map.deser.std.UntypedObjectDeserializer$1: void <clinit>()
com.flurry.org.codehaus.jackson.map.exc.UnrecognizedPropertyException
com.flurry.org.codehaus.jackson.map.exc.UnrecognizedPropertyException: long serialVersionUID
com.flurry.org.codehaus.jackson.map.exc.UnrecognizedPropertyException: java.lang.Class _referringClass
com.flurry.org.codehaus.jackson.map.exc.UnrecognizedPropertyException: java.lang.String _unrecognizedPropertyName
com.flurry.org.codehaus.jackson.map.exc.UnrecognizedPropertyException: UnrecognizedPropertyException(java.lang.String,com.flurry.org.codehaus.jackson.JsonLocation,java.lang.Class,java.lang.String)
com.flurry.org.codehaus.jackson.map.exc.UnrecognizedPropertyException: com.flurry.org.codehaus.jackson.map.exc.UnrecognizedPropertyException from(com.flurry.org.codehaus.jackson.JsonParser,java.lang.Object,java.lang.String)
com.flurry.org.codehaus.jackson.map.exc.UnrecognizedPropertyException: java.lang.Class getReferringClass()
com.flurry.org.codehaus.jackson.map.exc.UnrecognizedPropertyException: java.lang.String getUnrecognizedPropertyName()
com.flurry.org.codehaus.jackson.map.ext.CoreXMLDeserializers
com.flurry.org.codehaus.jackson.map.ext.CoreXMLDeserializers: javax.xml.datatype.DatatypeFactory _dataTypeFactory
com.flurry.org.codehaus.jackson.map.ext.CoreXMLDeserializers: CoreXMLDeserializers()
com.flurry.org.codehaus.jackson.map.ext.CoreXMLDeserializers: java.util.Collection provide()
com.flurry.org.codehaus.jackson.map.ext.CoreXMLDeserializers: void <clinit>()
com.flurry.org.codehaus.jackson.map.ext.CoreXMLDeserializers$DurationDeserializer
com.flurry.org.codehaus.jackson.map.ext.CoreXMLDeserializers$DurationDeserializer: CoreXMLDeserializers$DurationDeserializer()
com.flurry.org.codehaus.jackson.map.ext.CoreXMLDeserializers$DurationDeserializer: javax.xml.datatype.Duration _deserialize(java.lang.String,com.flurry.org.codehaus.jackson.map.DeserializationContext)
com.flurry.org.codehaus.jackson.map.ext.CoreXMLDeserializers$DurationDeserializer: java.lang.Object _deserialize(java.lang.String,com.flurry.org.codehaus.jackson.map.DeserializationContext)