proguard/mapping.txt
com.p1.mobile.p1android.ApplyListener -> com.p1.mobile.p1android.a:
    void applySuccessful() -> a
    void applyFailed() -> b
com.p1.mobile.p1android.ChangePasswordListener -> com.p1.mobile.p1android.b:
    void passwordChangeSuccessful() -> e_
    void passwordChangeFailed(com.p1.mobile.p1android.ChangePasswordListener$FailureReason) -> a
com.p1.mobile.p1android.ChangePasswordListener$FailureReason -> com.p1.mobile.p1android.c:
    com.p1.mobile.p1android.ChangePasswordListener$FailureReason TOO_SHORT_PASSWORD -> a
    com.p1.mobile.p1android.ChangePasswordListener$FailureReason WRONG_OLD_PASSWORD -> b
    com.p1.mobile.p1android.ChangePasswordListener$FailureReason NETWORK_FAILURE -> c
    com.p1.mobile.p1android.ChangePasswordListener$FailureReason[] ENUM$VALUES -> d
    com.p1.mobile.p1android.ChangePasswordListener$FailureReason[] values() -> values
    com.p1.mobile.p1android.ChangePasswordListener$FailureReason valueOf(java.lang.String) -> valueOf
com.p1.mobile.p1android.ForgotPasswordListener -> com.p1.mobile.p1android.d:
    void forgotPasswordSuccessful() -> a
    void forgotPasswordFailed() -> b
com.p1.mobile.p1android.LoginHandler -> com.p1.mobile.p1android.e:
    void onSuccessfulLogin() -> c
    void onFailedLogin() -> d
    void onStartMigration(java.lang.String) -> a
com.p1.mobile.p1android.P1Application -> com.p1.mobile.p1android.P1Application:
    java.lang.String TAG -> d
    java.lang.String USER_AGENT -> a
    android.graphics.Bitmap tempCameraImage -> b
    com.p1.mobile.p1android.P1Application me -> e
    com.squareup.picasso.Picasso picasso -> c
    void onCreate() -> onCreate
    android.content.Context getP1ApplicationContext() -> a
    void initAuthData() -> e
    boolean isLoggedIn() -> b
    void login(java.lang.String,java.lang.String,com.p1.mobile.p1android.LoginHandler) -> a
    void logout() -> c
    void changeAuthData(com.p1.mobile.p1android.io.model.AuthData) -> a
    com.p1.mobile.p1android.io.model.AuthData readAuthPref() -> f
    boolean writeAuthPref(com.p1.mobile.p1android.io.model.AuthData) -> b
    boolean clearAuthPref() -> g
    boolean access$0(com.p1.mobile.p1android.P1Application,com.p1.mobile.p1android.io.model.AuthData) -> a
    boolean access$1(com.p1.mobile.p1android.P1Application) -> a
    java.lang.String access$2() -> d
com.p1.mobile.p1android.P1Application$1 -> com.p1.mobile.p1android.f:
    java.lang.String migrationAccessToken -> a
    java.lang.String activationAccessToken -> b
    com.p1.mobile.p1android.P1Application this$0 -> c
    java.lang.String val$username -> d
    java.lang.String val$password -> e
    com.p1.mobile.p1android.LoginHandler val$handler -> f
    java.lang.Void doInBackground(java.lang.Void[]) -> a
    void onPostExecute(java.lang.Void) -> a
    void onPostExecute(java.lang.Object) -> onPostExecute
    java.lang.Object doInBackground(java.lang.Object[]) -> doInBackground
com.p1.mobile.p1android.R -> com.p1.mobile.p1android.g:
...
com.squareup.okhttp.internal.spdy.SpdyConnection$2 -> com.b.a.a.b.g:
    int val$streamId -> a
    int val$deltaWindowSize -> b
    com.squareup.okhttp.internal.spdy.SpdyConnection this$0 -> c
    void execute() -> a
com.squareup.okhttp.internal.spdy.SpdyConnection$3 -> com.b.a.a.b.h:
    int val$streamId -> a
    com.squareup.okhttp.internal.spdy.Ping val$ping -> b
    com.squareup.okhttp.internal.spdy.SpdyConnection this$0 -> c
    void execute() -> a
com.squareup.okhttp.internal.spdy.SpdyConnection$Builder -> com.b.a.a.b.i:
    java.lang.String hostName -> b
    java.io.InputStream in -> c
    java.io.OutputStream out -> d
    com.squareup.okhttp.internal.spdy.IncomingStreamHandler handler -> e
    boolean client -> a
    com.squareup.okhttp.internal.spdy.SpdyConnection build() -> a
    com.squareup.okhttp.internal.spdy.IncomingStreamHandler access$000(com.squareup.okhttp.internal.spdy.SpdyConnection$Builder) -> a
    java.io.InputStream access$100(com.squareup.okhttp.internal.spdy.SpdyConnection$Builder) -> b
    java.io.OutputStream access$200(com.squareup.okhttp.internal.spdy.SpdyConnection$Builder) -> c
    java.lang.String access$300(com.squareup.okhttp.internal.spdy.SpdyConnection$Builder) -> d
com.squareup.okhttp.internal.spdy.SpdyConnection$Reader -> com.b.a.a.b.j:
    com.squareup.okhttp.internal.spdy.SpdyConnection this$0 -> a
    void run() -> run
    void data(int,int,java.io.InputStream,int) -> a
    void synStream(int,int,int,int,int,java.util.List) -> a
    void synReply(int,int,java.util.List) -> a
    void headers(int,int,java.util.List) -> b
    void rstStream(int,int,int) -> a
    void settings(int,com.squareup.okhttp.internal.spdy.Settings) -> a
    void noop() -> a
    void ping(int,int) -> a
    void goAway(int,int,int) -> b
    void windowUpdate(int,int,int) -> c
com.squareup.okhttp.internal.spdy.SpdyConnection$Reader$1 -> com.b.a.a.b.k:
    com.squareup.okhttp.internal.spdy.SpdyStream val$synStream -> a
    com.squareup.okhttp.internal.spdy.SpdyConnection$Reader this$1 -> b
    void execute() -> a
com.squareup.okhttp.internal.spdy.SpdyReader -> com.b.a.a.b.l:
    byte[] DICTIONARY -> a
    java.io.DataInputStream in -> b
    java.io.DataInputStream nameValueBlockIn -> c
    int compressedLimit -> d
    boolean nextFrame(com.squareup.okhttp.internal.spdy.SpdyReader$Handler) -> a
    void readSynStream(com.squareup.okhttp.internal.spdy.SpdyReader$Handler,int,int) -> a
    void readSynReply(com.squareup.okhttp.internal.spdy.SpdyReader$Handler,int,int) -> b
    void readRstStream(com.squareup.okhttp.internal.spdy.SpdyReader$Handler,int,int) -> c
    void readHeaders(com.squareup.okhttp.internal.spdy.SpdyReader$Handler,int,int) -> d
    void readWindowUpdate(com.squareup.okhttp.internal.spdy.SpdyReader$Handler,int,int) -> e
    java.io.DataInputStream newNameValueBlockStream() -> a
    java.util.List readNameValueBlock(int) -> a
    java.lang.String readString() -> b
    void readPing(com.squareup.okhttp.internal.spdy.SpdyReader$Handler,int,int) -> f
    void readGoAway(com.squareup.okhttp.internal.spdy.SpdyReader$Handler,int,int) -> g
    void readSettings(com.squareup.okhttp.internal.spdy.SpdyReader$Handler,int,int) -> h
    java.io.IOException ioException(java.lang.String,java.lang.Object[]) -> a
    void close() -> close
    int access$000(com.squareup.okhttp.internal.spdy.SpdyReader) -> a
    java.io.DataInputStream access$100(com.squareup.okhttp.internal.spdy.SpdyReader) -> b
    int access$020(com.squareup.okhttp.internal.spdy.SpdyReader,int) -> a
com.squareup.okhttp.internal.spdy.SpdyReader$1 -> com.b.a.a.b.m:
    com.squareup.okhttp.internal.spdy.SpdyReader this$0 -> a
    int read() -> read
    int read(byte[],int,int) -> read
    void close() -> close
com.squareup.okhttp.internal.spdy.SpdyReader$2 -> com.b.a.a.b.n:
    com.squareup.okhttp.internal.spdy.SpdyReader this$0 -> a
    int inflate(byte[],int,int) -> inflate