proguard/usage.txt
com.p1.mobile.p1android.Actions
com.p1.mobile.p1android.BuildConfig
com.p1.mobile.p1android.Constants
com.p1.mobile.p1android.LoginHandler:
    public abstract void onFailedConnection()
    public abstract void onStartActivation(java.lang.String)
com.p1.mobile.p1android.Manifest
com.p1.mobile.p1android.Manifest$permission
com.p1.mobile.p1android.P1Application:
    public static final java.lang.String AUTHDATA_KEY
    public static final java.lang.String SHARED_PREFS
    public static final java.lang.String FLURRY_API_KEY
com.p1.mobile.p1android.R:
    10:10:public R()
com.p1.mobile.p1android.R$anim
com.p1.mobile.p1android.R$array
com.p1.mobile.p1android.R$attr
com.p1.mobile.p1android.R$bool
com.p1.mobile.p1android.R$color
com.p1.mobile.p1android.R$dimen
com.p1.mobile.p1android.R$drawable
com.p1.mobile.p1android.R$id
com.p1.mobile.p1android.R$integer
com.p1.mobile.p1android.R$layout
com.p1.mobile.p1android.R$string
com.p1.mobile.p1android.R$style
com.p1.mobile.p1android.R$styleable:
    2327:2327:public R$styleable()
com.p1.mobile.p1android.content.Account:
    public static final java.lang.String TYPE
    8:8:static synthetic java.lang.String access$1(com.p1.mobile.p1android.content.Account)
com.p1.mobile.p1android.content.Account$AccountIOSession:
    34:34:public java.lang.String getOwnerId()
    38:38:public java.lang.String getLanguage()
com.p1.mobile.p1android.content.BrowseList:
    public static final java.lang.String TYPE_BROWSE_PICTURE
    public static final java.lang.String TYPE_BROWSE_MEMBER
    public static final int PAGINATION_UNKNOWN
    public static final int INCOMPLETE_RESPONSES_ALLOWED
com.p1.mobile.p1android.content.Comment:
    public static final java.lang.String TYPE
    20:20:static synthetic com.p1.mobile.p1android.content.IdTypePair access$7(com.p1.mobile.p1android.content.Comment)
com.p1.mobile.p1android.content.Comment$CommentIOSession:
    72:72:public com.p1.mobile.p1android.content.IdTypePair getParent()
    84:84:public int getTotalLikes()
    92:106:public boolean hasMoreLikes()
com.p1.mobile.p1android.content.CommentableIOSession:
    public abstract void incrementTotalComments()
    public abstract void incrementUnfinishedUserModifications()
    public abstract void decrementUnfinishedUserModifications()
    public abstract boolean isValid()
com.p1.mobile.p1android.content.Content:
    public static final java.lang.String TYPE
    private long lastUserModification
    74:75:protected void addListeners(com.p1.mobile.p1android.content.Content)
    78:79:protected void clearListeners()
    42:42:static synthetic long access$8(com.p1.mobile.p1android.content.Content)
    42:42:static synthetic void access$9(com.p1.mobile.p1android.content.Content,long)
com.p1.mobile.p1android.content.Content$ContentIOSession:
    231:231:public long getLastUserModification()
    235:236:public void refreshLastUserModification()
com.p1.mobile.p1android.content.Conversation:
    public static final java.lang.String TYPE
    public static final int PAGINATION_UNKNOWN
    public static final int INCOMPLETE_RESPONSES_ALLOWED
    private static final int paginationLimit
    25:25:static synthetic java.lang.String access$6(com.p1.mobile.p1android.content.Conversation)
com.p1.mobile.p1android.content.Conversation$ConversationIOSession:
    78:78:public java.lang.String getOwnerId()
com.p1.mobile.p1android.content.ConversationList:
    public static final java.lang.String TYPE
    public static final int PAGINATION_UNKNOWN
    public static final int INCOMPLETE_RESPONSES_ALLOWED
    private static final int paginationLimit
    25:25:static synthetic int access$2(com.p1.mobile.p1android.content.ConversationList)
com.p1.mobile.p1android.content.ConversationList$ConversationListIOSession:
    55:55:public int getPaginationTotal()
    79:79:public boolean hasMore()
com.p1.mobile.p1android.content.DoublePoint
com.p1.mobile.p1android.content.Feed:
    public static final java.lang.String TYPE
...
android.support.v4.app.ActionBarDrawerToggle$1
android.support.v4.app.ActionBarDrawerToggle$ActionBarDrawerToggleImpl
android.support.v4.app.ActionBarDrawerToggle$ActionBarDrawerToggleImplBase
android.support.v4.app.ActionBarDrawerToggle$ActionBarDrawerToggleImplHC
android.support.v4.app.ActionBarDrawerToggle$Delegate
android.support.v4.app.ActionBarDrawerToggle$DelegateProvider
android.support.v4.app.ActionBarDrawerToggle$SlideDrawable
android.support.v4.app.ActionBarDrawerToggleHoneycomb
android.support.v4.app.ActionBarDrawerToggleHoneycomb$SetIndicatorInfo
android.support.v4.app.ActivityCompat
android.support.v4.app.ActivityCompatHoneycomb:
    27:27:ActivityCompatHoneycomb()
    34:35:static void dump(android.app.Activity,java.lang.String,java.io.FileDescriptor,java.io.PrintWriter,java.lang.String[])
android.support.v4.app.ActivityCompatJB
android.support.v4.app.ActivityOptionsCompat
android.support.v4.app.ActivityOptionsCompat$ActivityOptionsImplJB
android.support.v4.app.ActivityOptionsCompatJB
android.support.v4.app.BackStackRecord:
    static final java.lang.String TAG
    static final int OP_NULL
    static final int OP_ADD
    static final int OP_REPLACE
    static final int OP_REMOVE
    static final int OP_HIDE
    static final int OP_SHOW
    static final int OP_DETACH
    static final int OP_ATTACH
    338:338:public int getId()
    342:342:public int getBreadCrumbTitleRes()
    346:346:public int getBreadCrumbShortTitleRes()
    350:353:public java.lang.CharSequence getBreadCrumbTitle()
    357:360:public java.lang.CharSequence getBreadCrumbShortTitle()
    384:385:public android.support.v4.app.FragmentTransaction add(int,android.support.v4.app.Fragment)
    479:479:public android.support.v4.app.FragmentTransaction setCustomAnimations(int,int)
    484:488:public android.support.v4.app.FragmentTransaction setCustomAnimations(int,int,int,int)
    492:493:public android.support.v4.app.FragmentTransaction setTransition(int)
    497:498:public android.support.v4.app.FragmentTransaction setTransitionStyle(int)
    512:512:public boolean isAddToBackStackAllowed()
    516:521:public android.support.v4.app.FragmentTransaction disallowAddToBackStack()
    525:527:public android.support.v4.app.FragmentTransaction setBreadCrumbTitle(int)
    531:533:public android.support.v4.app.FragmentTransaction setBreadCrumbTitle(java.lang.CharSequence)
    537:539:public android.support.v4.app.FragmentTransaction setBreadCrumbShortTitle(int)
android.support.v4.app.DialogFragment:
    public static final int STYLE_NORMAL
    public static final int STYLE_NO_TITLE
    public static final int STYLE_NO_FRAME
    public static final int STYLE_NO_INPUT
    private static final java.lang.String SAVED_DIALOG_STATE_TAG
    private static final java.lang.String SAVED_STYLE
    private static final java.lang.String SAVED_THEME
    private static final java.lang.String SAVED_CANCELABLE
    private static final java.lang.String SAVED_SHOWS_DIALOG
    private static final java.lang.String SAVED_BACK_STACK_ID
    140:145:public int show(android.support.v4.app.FragmentTransaction,java.lang.String)
    165:166:public void dismissAllowingStateLoss()
    212:214:public void setCancelable(boolean)
    220:220:public boolean isCancelable()
    241:242:public void setShowsDialog(boolean)
    248:248:public boolean getShowsDialog()